<?xml version="1.0" encoding="UTF-8"?>
<!-- Generated by org.testng.reporters.JUnitReportReporter -->
<testsuite hostname="SAMPATH" failures="0" tests="1" name="com.crm.practice.AmazonPrice_sample" time="27.290" errors="0" timestamp="2021-09-21T12:34:18 IST" skipped="0">
  <testcase classname="com.crm.practice.AmazonPrice_sample" name="amazonprice" time="27.290"/>
  <system-out/>
</testsuite> <!-- com.crm.practice.AmazonPrice_sample -->
