<?xml version="1.0" encoding="UTF-8"?>
<!-- Generated by org.testng.reporters.JUnitReportReporter -->
<testsuite hostname="SAMPATH" failures="0" tests="3" name="com.comcast.Contact.ContactTest" time="0.019" errors="0" timestamp="2021-09-22T15:02:44 IST" skipped="0">
  <testcase classname="com.comcast.Contact.ContactTest" name="contactwithOrgTest" time="0.002"/>
  <system-out/>
  <testcase classname="com.comcast.Contact.ContactTest" name="deleteContactTest" time="0.001"/>
  <system-out/>
  <testcase classname="com.comcast.Contact.ContactTest" name="contacttest" time="0.016"/>
  <system-out/>
</testsuite> <!-- com.comcast.Contact.ContactTest -->
