<?xml version="1.0" encoding="UTF-8"?>
<!-- Generated by org.testng.reporters.JUnitReportReporter -->
<testsuite hostname="SAMPATH" failures="0" tests="1" name="com.RestAssured.GetSingle_Project" time="2.395" errors="0" timestamp="26 Oct 2021 17:08:52 GMT" skipped="0">
  <testcase classname="com.RestAssured.GetSingle_Project" name="GetSingle" time="2.395"/>
</testsuite> <!-- com.RestAssured.GetSingle_Project -->
