<?xml version="1.0" encoding="UTF-8"?>
<!-- Generated by org.testng.reporters.JUnitReportReporter -->
<testsuite hostname="SAMPATH" failures="0" tests="1" name="com.RestAssured.Create_Record" time="2.412" errors="0" timestamp="26 Oct 2021 17:03:10 GMT" skipped="0">
  <testcase classname="com.RestAssured.Create_Record" name="CreateRecord" time="2.412"/>
</testsuite> <!-- com.RestAssured.Create_Record -->
