<?xml version="1.0" encoding="UTF-8"?>
<!-- Generated by org.testng.reporters.JUnitReportReporter -->
<testsuite hostname="SAMPATH" failures="0" tests="1" name="com.RestAssured.GetAllData" time="2.925" errors="0" timestamp="26 Oct 2021 15:51:22 GMT" skipped="0">
  <testcase classname="com.RestAssured.GetAllData" name="Getalldata" time="2.925"/>
</testsuite> <!-- com.RestAssured.GetAllData -->
